<?xml version="1.0" encoding="UTF-8"?>
<!-- Generated by org.testng.reporters.JUnitXMLReporter -->
<testsuite ignored="2" hostname="DESKTOP-GGQ6OF8" failures="0" tests="2" name="Test" time="34.642" errors="0" timestamp="2025-03-09T15:52:52 IST">
  <testcase classname="testlayer.Logintest" name="validatelogintest" time="14.301"/>
  <testcase classname="testlayer.Addtocarttest" name="validateaddtocarttest" time="0.896"/>
  <testcase classname="testbase.Testbase" name="@BeforeTest setup" time="0.0">
    <ignored/>
  </testcase> <!-- @BeforeTest setup -->
  <testcase classname="testbase.Testbase" name="@AfterTest close" time="0.0">
    <ignored/>
  </testcase> <!-- @AfterTest close -->
</testsuite> <!-- Test -->
