<?xml version="1.0" encoding="UTF-8"?>
<!-- Generated by org.testng.reporters.JUnitXMLReporter -->
<testsuite ignored="0" hostname="DESKTOP-GGQ6OF8" failures="1" tests="1" name="Test" time="3.48" errors="0" timestamp="2025-03-06T22:13:17 IST">
  <testcase classname="testlayer.Logintest" name="validatelogintest" time="0.038">
    <failure type="java.lang.Error" message="Unresolved compilation problem: 
	The annotation @FindBy is disallowed for this location
">
      <![CDATA[java.lang.Error: Unresolved compilation problem: 
The annotation @FindBy is disallowed for this location

at pageLayer.Loginpage.enterusername(Loginpage.java:31)
at testlayer.Logintest.validatelogintest(Logintest.java:18)
at java.base/java.util.ArrayList.forEach(ArrayList.java:1511)
... Removed 25 stack frames]]>
    </failure>
  </testcase> <!-- validatelogintest -->
</testsuite> <!-- Test -->
