<?xml version="1.0" encoding="UTF-8"?>
<testng-results ignored="2" total="4" passed="2" failed="0" skipped="0">
  <reporter-output>
  </reporter-output>
  <suite started-at="2025-03-09T15:52:18 IST" name="Suite" finished-at="2025-03-09T15:52:52 IST" duration-ms="34642">
    <groups>
    </groups>
    <test started-at="2025-03-09T15:52:18 IST" name="Test" finished-at="2025-03-09T15:52:52 IST" duration-ms="34642">
      <class name="testlayer.Logintest">
        <test-method is-config="true" signature="setup()[pri:0, instance:testlayer.Logintest@2ef3eef9]" started-at="2025-03-09T15:52:18 IST" name="setup" finished-at="2025-03-09T15:52:18 IST" duration-ms="106" status="PASS">
          <reporter-output>
          </reporter-output>
        </test-method> <!-- setup -->
        <test-method is-config="true" signature="start()[pri:0, instance:testlayer.Logintest@2ef3eef9]" started-at="2025-03-09T15:52:18 IST" name="start" finished-at="2025-03-09T15:52:23 IST" duration-ms="4817" status="PASS">
          <reporter-output>
          </reporter-output>
        </test-method> <!-- start -->
        <test-method signature="validatelogintest()[pri:0, instance:testlayer.Logintest@2ef3eef9]" started-at="2025-03-09T15:52:23 IST" name="validatelogintest" finished-at="2025-03-09T15:52:37 IST" duration-ms="14301" status="PASS">
          <reporter-output>
          </reporter-output>
        </test-method> <!-- validatelogintest -->
        <test-method is-config="true" signature="closed()[pri:0, instance:testlayer.Logintest@2ef3eef9]" started-at="2025-03-09T15:52:37 IST" name="closed" finished-at="2025-03-09T15:52:37 IST" duration-ms="0" status="PASS">
          <reporter-output>
          </reporter-output>
        </test-method> <!-- closed -->
        <test-method is-config="true" signature="close()[pri:0, instance:testlayer.Logintest@2ef3eef9]" started-at="2025-03-09T15:52:52 IST" name="close" finished-at="2025-03-09T15:52:52 IST" duration-ms="1" status="PASS">
          <reporter-output>
          </reporter-output>
        </test-method> <!-- close -->
      </class> <!-- testlayer.Logintest -->
      <class name="testlayer.Addtocarttest">
        <test-method is-config="true" signature="start()[pri:0, instance:testlayer.Addtocarttest@6a192cfe]" started-at="2025-03-09T15:52:37 IST" name="start" finished-at="2025-03-09T15:52:52 IST" duration-ms="14460" status="PASS">
          <reporter-output>
          </reporter-output>
        </test-method> <!-- start -->
        <test-method signature="validateaddtocarttest()[pri:0, instance:testlayer.Addtocarttest@6a192cfe]" started-at="2025-03-09T15:52:52 IST" name="validateaddtocarttest" finished-at="2025-03-09T15:52:52 IST" duration-ms="896" status="PASS">
          <reporter-output>
          </reporter-output>
        </test-method> <!-- validateaddtocarttest -->
        <test-method is-config="true" signature="closed()[pri:0, instance:testlayer.Addtocarttest@6a192cfe]" started-at="2025-03-09T15:52:52 IST" name="closed" finished-at="2025-03-09T15:52:52 IST" duration-ms="0" status="PASS">
          <reporter-output>
          </reporter-output>
        </test-method> <!-- closed -->
      </class> <!-- testlayer.Addtocarttest -->
    </test> <!-- Test -->
  </suite> <!-- Suite -->
</testng-results>
